##########
21:33:06
nuevo negocio 
INSERT INTO negocios(categoria_id, nombre, duenio, descripcion, logo, banner) 
                VALUES(:categoria_id, :nombre, :duenio, :descripcion, :logo, :banner)<pre><div class='hgPrintR' style='border:1px solid red;'>Array
(
    [0] => 23000
    [1] => 1048
    [2] => Column 'categoria_id' cannot be null
)
</div></pre>
##########
21:37:11
nuevo negocio 
negocio insertado id: 1
##########
21:38:18
Actualizar negocio 
 Sucursal 1 insertada: si;  INSERT INTO sucursales(negocio_id, nombre) VALUES(:negocio_id, :nombre) Sucursal 2 insertada: si;  INSERT INTO sucursales(negocio_id, nombre) VALUES(:negocio_id, :nombre)
##########
21:38:37
Actualizar negocio 
 Sucursal 1 insertada: si;  INSERT INTO sucursales(negocio_id, nombre) VALUES(:negocio_id, :nombre) Sucursal 2 insertada: si;  INSERT INTO sucursales(negocio_id, nombre) VALUES(:negocio_id, :nombre)
##########
21:45:32
nuevo negocio 
 Sucursal 1 insertada: si;  INSERT INTO sucursales(negocio_id, nombre) VALUES(:negocio_id, :nombre)negocio insertado id: 2
